0 info it worked if it ends with ok
1 verbose cli [ 'node', '/usr/local/bin/npm', 'run', 'commit' ]
2 info using npm@3.3.10
3 info using node@v0.12.0
4 verbose run-script [ 'precommit', 'commit', 'postcommit' ]
5 info lifecycle nodes-component-starter@0.0.0-semantically-released~precommit: nodes-component-starter@0.0.0-semantically-released
6 silly lifecycle nodes-component-starter@0.0.0-semantically-released~precommit: no script for precommit, continuing
7 info lifecycle nodes-component-starter@0.0.0-semantically-released~commit: nodes-component-starter@0.0.0-semantically-released
8 verbose lifecycle nodes-component-starter@0.0.0-semantically-released~commit: unsafe-perm in lifecycle true
9 verbose lifecycle nodes-component-starter@0.0.0-semantically-released~commit: PATH: /usr/local/lib/node_modules/npm/bin/node-gyp-bin:/Users/alhl/Desktop/Projects/nodes-component-starter/node_modules/.bin:/Library/Frameworks/Python.framework/Versions/2.7/bin:/usr/local/bin:/Library/Java/JavaVirtualMachines/jdk1.7.0_80.jdk/Contents/Home/bin:/usr/local/bin:/usr/local/bin:/usr/local/bin:/usr/bin:/bin:/usr/sbin:/sbin:/usr/local/git/bin:/Applications/Android Studio.app/sdk/platform-tools:/Applications/Android Studio.app/sdk/tools
10 verbose lifecycle nodes-component-starter@0.0.0-semantically-released~commit: CWD: /Users/alhl/Desktop/Projects/nodes-component-starter
11 silly lifecycle nodes-component-starter@0.0.0-semantically-released~commit: Args: [ '-c', 'git-cz' ]
12 silly lifecycle nodes-component-starter@0.0.0-semantically-released~commit: Returned: code: 1  signal: null
13 info lifecycle nodes-component-starter@0.0.0-semantically-released~commit: Failed to exec commit script
14 verbose stack Error: nodes-component-starter@0.0.0-semantically-released commit: `git-cz`
14 verbose stack Exit status 1
14 verbose stack     at EventEmitter.<anonymous> (/usr/local/lib/node_modules/npm/lib/utils/lifecycle.js:232:16)
14 verbose stack     at EventEmitter.emit (events.js:110:17)
14 verbose stack     at ChildProcess.<anonymous> (/usr/local/lib/node_modules/npm/lib/utils/spawn.js:24:14)
14 verbose stack     at ChildProcess.emit (events.js:110:17)
14 verbose stack     at maybeClose (child_process.js:1008:16)
14 verbose stack     at Process.ChildProcess._handle.onexit (child_process.js:1080:5)
15 verbose pkgid nodes-component-starter@0.0.0-semantically-released
16 verbose cwd /Users/alhl/Desktop/Projects/nodes-component-starter
17 error Darwin 14.5.0
18 error argv "node" "/usr/local/bin/npm" "run" "commit"
19 error node v0.12.0
20 error npm  v3.3.10
21 error code ELIFECYCLE
22 error nodes-component-starter@0.0.0-semantically-released commit: `git-cz`
22 error Exit status 1
23 error Failed at the nodes-component-starter@0.0.0-semantically-released commit script 'git-cz'.
23 error Make sure you have the latest version of node.js and npm installed.
23 error If you do, this is most likely a problem with the nodes-component-starter package,
23 error not with npm itself.
23 error Tell the author that this fails on your system:
23 error     git-cz
23 error You can get their info via:
23 error     npm owner ls nodes-component-starter
23 error There is likely additional logging output above.
24 verbose exit [ 1, true ]
